[ '2021-09-22T2200 Active Cases by Campus_Name for Is_Epi_Linked.csv',
  '2021-09-22T2200 Active Cases by Campus_Name.csv',
  '2021-09-22T2200 Case Rate by Physical_CoS.csv',
  '2021-09-24T2200 Active Cases by Campus_Name for Is_Epi_Linked.csv',
  '2021-09-24T2200 Active Cases by Campus_Name.csv',
  '2021-09-24T2200 Case Rate by Physical_CoS.csv',
  '2021-09-25T2200 Active Cases by Campus_Name for Is_Epi_Linked.csv',
  '2021-09-25T2200 Active Cases by Campus_Name.csv',
  '2021-09-25T2200 Case Rate by Physical_CoS.csv',
  '2021-09-26T2200 Active Cases by Campus_Name for Is_Epi_Linked.csv',
  '2021-09-26T2200 Active Cases by Campus_Name.csv',
  '2021-09-26T2200 Case Rate by Physical_CoS.csv',
  '2021-09-27T2200 Active Cases by Campus_Name for Is_Epi_Linked.csv',
  '2021-09-27T2200 Active Cases by Campus_Name.csv',
  '2021-09-27T2200 Case Rate by Physical_CoS.csv',
  '2021-09-28T2200 Active Cases by Campus_Name for Is_Epi_Linked.csv',
  '2021-09-28T2200 Active Cases by Campus_Name.csv',
  '2021-09-28T2200 Case Rate by Physical_CoS.csv',
  '2021-09-29T2200 Active Cases by Campus_Name for Is_Epi_Linked.csv',
  '2021-09-29T2200 Active Cases by Campus_Name.csv',
  '2021-09-29T2200 Case Rate by Physical_CoS.csv',
  '2021-09-30T2200 Active Cases by Campus_Name for Is_Epi_Linked.csv',
  '2021-09-30T2200 Active Cases by Campus_Name.csv',
  '2021-09-30T2200 Case Rate by Physical_CoS.csv',
  '2021-10-01T2200 Active Cases by Campus_Name for Is_Epi_Linked.csv',
  '2021-10-01T2200 Active Cases by Campus_Name.csv',
  '2021-10-01T2200 Case Rate by Physical_CoS.csv',
  '2021-10-02T2200 Active Cases by Campus_Name for Is_Epi_Linked.csv',
  '2021-10-02T2200 Active Cases by Campus_Name.csv',
  '2021-10-02T2200 Case Rate by Physical_CoS.csv',
  '2021-10-03T2200 Active Cases by Campus_Name for Is_Epi_Linked.csv',
  '2021-10-03T2200 Active Cases by Campus_Name.csv',
  '2021-10-03T2200 Case Rate by Physical_CoS.csv',
  '2021-10-04T2200 Active Cases by Campus_Name for Is_Epi_Linked.csv',
  '2021-10-04T2200 Active Cases by Campus_Name.csv',
  '2021-10-04T2200 Case Rate by Physical_CoS.csv',
  '2021-10-05T2200 Active Cases by Campus_Name for Is_Epi_Linked.csv',
  '2021-10-05T2200 Active Cases by Campus_Name.csv',
  '2021-10-05T2200 Case Rate by Physical_CoS.csv',
  '2021-10-06T2200 Active Cases by Campus_Name for Is_Epi_Linked.csv',
  '2021-10-06T2200 Active Cases by Campus_Name.csv',
  '2021-10-06T2200 Case Rate by Physical_CoS.csv',
  '2021-10-07T2200 Active Cases by Campus_Name for Is_Epi_Linked.csv',
  '2021-10-07T2200 Active Cases by Campus_Name.csv',
  '2021-10-07T2200 Case Rate by Physical_CoS.csv',
  '2021-10-08T2200 Active Cases by Campus_Name for Is_Epi_Linked.csv',
  '2021-10-08T2200 Active Cases by Campus_Name.csv',
  '2021-10-08T2200 Case Rate by Physical_CoS.csv',
  '2021-10-09T2200 Active Cases by Campus_Name for Is_Epi_Linked.csv',
  '2021-10-09T2200 Active Cases by Campus_Name.csv',
  '2021-10-09T2200 Case Rate by Physical_CoS.csv',
  '2021-10-10T2200 Active Cases by Campus_Name for Is_Epi_Linked.csv',
  '2021-10-10T2200 Active Cases by Campus_Name.csv',
  '2021-10-10T2200 Case Rate by Physical_CoS.csv',
  '2021-10-11T2200 Active Cases by Campus_Name for Is_Epi_Linked.csv',
  '2021-10-11T2200 Active Cases by Campus_Name.csv',
  '2021-10-11T2200 Case Rate by Physical_CoS.csv',
  '2021-10-12T2200 Active Cases by Campus_Name for Is_Epi_Linked.csv',
  '2021-10-12T2200 Active Cases by Campus_Name.csv',
  '2021-10-12T2200 Case Rate by Physical_CoS.csv',
  '2021-10-13T2200 Active Cases by Campus_Name for Is_Epi_Linked.csv',
  '2021-10-13T2200 Active Cases by Campus_Name.csv',
  '2021-10-13T2200 Case Rate by Physical_CoS.csv',
  '2021-10-14T2200 Active Cases by Campus_Name for Is_Epi_Linked.csv',
  '2021-10-14T2200 Active Cases by Campus_Name.csv',
  '2021-10-14T2200 Case Rate by Physical_CoS.csv',
  '2021-10-15T2200 Active Cases by Campus_Name for Is_Epi_Linked.csv',
  '2021-10-15T2200 Active Cases by Campus_Name.csv',
  '2021-10-15T2200 Case Rate by Physical_CoS.csv',
  '2021-10-16T2200 Active Cases by Campus_Name for Is_Epi_Linked.csv',
  '2021-10-16T2200 Active Cases by Campus_Name.csv',
  '2021-10-16T2200 Case Rate by Physical_CoS.csv',
  '2021-10-17T2200 Active Cases by Campus_Name for Is_Epi_Linked.csv',
  '2021-10-17T2200 Active Cases by Campus_Name.csv',
  '2021-10-17T2200 Case Rate by Physical_CoS.csv',
  '2021-10-18T2200 Active Cases by Campus_Name for Is_Epi_Linked.csv',
  '2021-10-18T2200 Active Cases by Campus_Name.csv',
  '2021-10-18T2200 Case Rate by Physical_CoS.csv',
  '2021-10-19T2200 Active Cases by Campus_Name for Is_Epi_Linked.csv',
  '2021-10-19T2200 Active Cases by Campus_Name.csv',
  '2021-10-19T2200 Case Rate by Physical_CoS.csv',
  '2021-10-20T2200 Active Cases by Campus_Name for Is_Epi_Linked.csv',
  '2021-10-20T2200 Active Cases by Campus_Name.csv',
  '2021-10-20T2200 Case Rate by Physical_CoS.csv',
  '2021-10-21T2200 Active Cases by Campus_Name for Is_Epi_Linked.csv',
  '2021-10-21T2200 Active Cases by Campus_Name.csv',
  '2021-10-21T2200 Case Rate by Physical_CoS.csv',
  '2021-10-22T2200 Active Cases by Campus_Name for Is_Epi_Linked.csv',
  '2021-10-22T2200 Active Cases by Campus_Name.csv',
  '2021-10-22T2200 Case Rate by Physical_CoS.csv',
  '2021-10-23T2200 Active Cases by Campus_Name for Is_Epi_Linked.csv',
  '2021-10-23T2200 Active Cases by Campus_Name.csv',
  '2021-10-23T2200 Case Rate by Physical_CoS.csv',
  '2021-10-24T2200 Active Cases by Campus_Name for Is_Epi_Linked.csv',
  '2021-10-24T2200 Active Cases by Campus_Name.csv',
  '2021-10-24T2200 Case Rate by Physical_CoS.csv',
  '2021-10-25T2200 Active Cases by Campus_Name for Is_Epi_Linked.csv',
  '2021-10-25T2200 Active Cases by Campus_Name.csv',
  '2021-10-25T2200 Case Rate by Physical_CoS.csv',
  '2021-10-26T2200 Active Cases by Campus_Name for Is_Epi_Linked.csv',
  ... 254 more items ]
2021-08-19 Community-based cases.csv true false
2021-08-20 Community-based cases.csv true false
2021-08-21 Community-based cases.csv true false
2021-08-21 School-linked cases.csv false true
2021-08-22T1536 Community-based cases.csv true false
2021-08-22T1536 School-linked cases.csv false true
2021-08-22T2152 Community-based cases.csv true false
2021-08-22T2152 School-linked cases.csv false true
2021-08-23T1816 Community-based cases.csv true false
2021-08-23T1816 School-linked cases.csv false true
2021-08-23T1816 Staff and Student Case rate.csv false false
2021-08-24T0655 Community-based cases.csv true false
2021-08-24T0655 School-linked cases.csv false true
2021-08-24T0655 Staff and Student Case rate.csv false false
2021-08-25T0830 Community-based cases.csv true false
2021-08-25T0830 School-linked cases.csv false true
2021-08-25T0830 Staff and Student Case rate.csv false false
2021-08-26T0943 Community-based cases.csv true false
2021-08-26T0943 School-linked cases.csv false true
2021-08-26T0943 Staff and Student Case rate.csv false false
2021-08-27T0810 Community-based cases.csv true false
2021-08-27T0810 School-linked cases.csv false true
2021-08-27T0810 Staff and Student Case rate.csv false false
2021-08-28T0905 Community-based cases.csv true false
2021-08-28T0905 School-linked cases.csv false true
2021-08-28T0905 Staff and Student Case rate.csv false false
2021-08-29T1038 Community-based cases.csv true false
2021-08-29T1038 School-linked cases.csv false true
2021-08-29T1038 Staff and Student Case rate.csv false false
2021-08-30T0807 Community-based cases.csv true false
2021-08-30T0807 School-linked cases.csv false true
2021-08-30T0807 Staff and Student Case rate.csv false false
2021-08-31T0900 Community-based cases.csv true false
2021-08-31T0900 School-linked cases.csv false true
2021-08-31T0900 Staff and Student Case rate.csv false false
2021-09-01T1005 Community-based cases.csv true false
2021-09-01T1005 School-linked cases.csv false true
2021-09-01T1005 Staff and Student Case rate.csv false false
2021-09-02T0805 Community-based cases.csv true false
2021-09-02T0805 School-linked cases.csv false true
2021-09-02T0805 Staff and Student Case rate.csv false false
2021-09-03T0810 Community-based cases.csv true false
2021-09-03T0810 School-linked cases.csv false true
2021-09-03T0810 Staff and Student Case rate.csv false false
2021-09-04T0910 Community-based cases.csv true false
2021-09-04T0910 School-linked cases.csv false true
2021-09-04T0910 Staff and Student Case rate.csv false false
2021-09-05T1010 Community-based cases.csv true false
2021-09-05T1010 School-linked cases.csv false true
2021-09-05T1010 Staff and Student Case rate.csv false false
2021-09-06T0913 Community-based cases.csv true false
2021-09-06T0913 School-linked cases.csv false true
2021-09-06T0913 Staff and Student Case rate.csv false false
2021-09-07T1104 Community-based cases.csv true false
2021-09-07T1104 School-linked cases.csv false true
2021-09-07T1104 Staff and Student Case rate.csv false false
2021-09-08T0659 Community-based cases.csv true false
2021-09-08T0659 School-linked cases.csv false true
2021-09-08T0659 Staff and Student Case rate.csv false false
2021-09-09T0808 Community-based cases.csv true false
2021-09-09T0808 School-linked cases.csv false true
2021-09-09T0808 Staff and Student Case rate.csv false false
2021-09-10T0704 Community-based cases.csv true false
2021-09-10T0704 School-linked cases.csv false true
2021-09-10T0704 Staff and Student Case rate.csv false false
LAUSD-active.csv false false
LAUSD-rates.csv false false
etldata false false
index.js false false
lausd-rate.log false false
ratebuild.sh false false
etldata/2021-09-22T2200 Active Cases by Campus_Name for Is_Epi_Linked.csv false true
etldata/2021-09-22T2200 Active Cases by Campus_Name.csv true false
etldata/2021-09-22T2200 Case Rate by Physical_CoS.csv false false
etldata/2021-09-24T2200 Active Cases by Campus_Name for Is_Epi_Linked.csv false true
etldata/2021-09-24T2200 Active Cases by Campus_Name.csv true false
etldata/2021-09-24T2200 Case Rate by Physical_CoS.csv false false
etldata/2021-09-25T2200 Active Cases by Campus_Name for Is_Epi_Linked.csv false true
etldata/2021-09-25T2200 Active Cases by Campus_Name.csv true false
etldata/2021-09-25T2200 Case Rate by Physical_CoS.csv false false
etldata/2021-09-26T2200 Active Cases by Campus_Name for Is_Epi_Linked.csv false true
etldata/2021-09-26T2200 Active Cases by Campus_Name.csv true false
etldata/2021-09-26T2200 Case Rate by Physical_CoS.csv false false
etldata/2021-09-27T2200 Active Cases by Campus_Name for Is_Epi_Linked.csv false true
etldata/2021-09-27T2200 Active Cases by Campus_Name.csv true false
etldata/2021-09-27T2200 Case Rate by Physical_CoS.csv false false
etldata/2021-09-28T2200 Active Cases by Campus_Name for Is_Epi_Linked.csv false true
etldata/2021-09-28T2200 Active Cases by Campus_Name.csv true false
etldata/2021-09-28T2200 Case Rate by Physical_CoS.csv false false
etldata/2021-09-29T2200 Active Cases by Campus_Name for Is_Epi_Linked.csv false true
etldata/2021-09-29T2200 Active Cases by Campus_Name.csv true false
etldata/2021-09-29T2200 Case Rate by Physical_CoS.csv false false
etldata/2021-09-30T2200 Active Cases by Campus_Name for Is_Epi_Linked.csv false true
etldata/2021-09-30T2200 Active Cases by Campus_Name.csv true false
etldata/2021-09-30T2200 Case Rate by Physical_CoS.csv false false
etldata/2021-10-01T2200 Active Cases by Campus_Name for Is_Epi_Linked.csv false true
etldata/2021-10-01T2200 Active Cases by Campus_Name.csv true false
etldata/2021-10-01T2200 Case Rate by Physical_CoS.csv false false
etldata/2021-10-02T2200 Active Cases by Campus_Name for Is_Epi_Linked.csv false true
etldata/2021-10-02T2200 Active Cases by Campus_Name.csv true false
etldata/2021-10-02T2200 Case Rate by Physical_CoS.csv false false
etldata/2021-10-03T2200 Active Cases by Campus_Name for Is_Epi_Linked.csv false true
etldata/2021-10-03T2200 Active Cases by Campus_Name.csv true false
etldata/2021-10-03T2200 Case Rate by Physical_CoS.csv false false
etldata/2021-10-04T2200 Active Cases by Campus_Name for Is_Epi_Linked.csv false true
etldata/2021-10-04T2200 Active Cases by Campus_Name.csv true false
etldata/2021-10-04T2200 Case Rate by Physical_CoS.csv false false
etldata/2021-10-05T2200 Active Cases by Campus_Name for Is_Epi_Linked.csv false true
etldata/2021-10-05T2200 Active Cases by Campus_Name.csv true false
etldata/2021-10-05T2200 Case Rate by Physical_CoS.csv false false
etldata/2021-10-06T2200 Active Cases by Campus_Name for Is_Epi_Linked.csv false true
etldata/2021-10-06T2200 Active Cases by Campus_Name.csv true false
etldata/2021-10-06T2200 Case Rate by Physical_CoS.csv false false
etldata/2021-10-07T2200 Active Cases by Campus_Name for Is_Epi_Linked.csv false true
etldata/2021-10-07T2200 Active Cases by Campus_Name.csv true false
etldata/2021-10-07T2200 Case Rate by Physical_CoS.csv false false
etldata/2021-10-08T2200 Active Cases by Campus_Name for Is_Epi_Linked.csv false true
etldata/2021-10-08T2200 Active Cases by Campus_Name.csv true false
etldata/2021-10-08T2200 Case Rate by Physical_CoS.csv false false
etldata/2021-10-09T2200 Active Cases by Campus_Name for Is_Epi_Linked.csv false true
etldata/2021-10-09T2200 Active Cases by Campus_Name.csv true false
etldata/2021-10-09T2200 Case Rate by Physical_CoS.csv false false
etldata/2021-10-10T2200 Active Cases by Campus_Name for Is_Epi_Linked.csv false true
etldata/2021-10-10T2200 Active Cases by Campus_Name.csv true false
etldata/2021-10-10T2200 Case Rate by Physical_CoS.csv false false
etldata/2021-10-11T2200 Active Cases by Campus_Name for Is_Epi_Linked.csv false true
etldata/2021-10-11T2200 Active Cases by Campus_Name.csv true false
etldata/2021-10-11T2200 Case Rate by Physical_CoS.csv false false
etldata/2021-10-12T2200 Active Cases by Campus_Name for Is_Epi_Linked.csv false true
etldata/2021-10-12T2200 Active Cases by Campus_Name.csv true false
etldata/2021-10-12T2200 Case Rate by Physical_CoS.csv false false
etldata/2021-10-13T2200 Active Cases by Campus_Name for Is_Epi_Linked.csv false true
etldata/2021-10-13T2200 Active Cases by Campus_Name.csv true false
etldata/2021-10-13T2200 Case Rate by Physical_CoS.csv false false
etldata/2021-10-14T2200 Active Cases by Campus_Name for Is_Epi_Linked.csv false true
etldata/2021-10-14T2200 Active Cases by Campus_Name.csv true false
etldata/2021-10-14T2200 Case Rate by Physical_CoS.csv false false
etldata/2021-10-15T2200 Active Cases by Campus_Name for Is_Epi_Linked.csv false true
etldata/2021-10-15T2200 Active Cases by Campus_Name.csv true false
etldata/2021-10-15T2200 Case Rate by Physical_CoS.csv false false
etldata/2021-10-16T2200 Active Cases by Campus_Name for Is_Epi_Linked.csv false true
etldata/2021-10-16T2200 Active Cases by Campus_Name.csv true false
etldata/2021-10-16T2200 Case Rate by Physical_CoS.csv false false
etldata/2021-10-17T2200 Active Cases by Campus_Name for Is_Epi_Linked.csv false true
etldata/2021-10-17T2200 Active Cases by Campus_Name.csv true false
etldata/2021-10-17T2200 Case Rate by Physical_CoS.csv false false
etldata/2021-10-18T2200 Active Cases by Campus_Name for Is_Epi_Linked.csv false true
etldata/2021-10-18T2200 Active Cases by Campus_Name.csv true false
etldata/2021-10-18T2200 Case Rate by Physical_CoS.csv false false
etldata/2021-10-19T2200 Active Cases by Campus_Name for Is_Epi_Linked.csv false true
etldata/2021-10-19T2200 Active Cases by Campus_Name.csv true false
etldata/2021-10-19T2200 Case Rate by Physical_CoS.csv false false
etldata/2021-10-20T2200 Active Cases by Campus_Name for Is_Epi_Linked.csv false true
etldata/2021-10-20T2200 Active Cases by Campus_Name.csv true false
etldata/2021-10-20T2200 Case Rate by Physical_CoS.csv false false
etldata/2021-10-21T2200 Active Cases by Campus_Name for Is_Epi_Linked.csv false true
etldata/2021-10-21T2200 Active Cases by Campus_Name.csv true false
etldata/2021-10-21T2200 Case Rate by Physical_CoS.csv false false
etldata/2021-10-22T2200 Active Cases by Campus_Name for Is_Epi_Linked.csv false true
etldata/2021-10-22T2200 Active Cases by Campus_Name.csv true false
etldata/2021-10-22T2200 Case Rate by Physical_CoS.csv false false
etldata/2021-10-23T2200 Active Cases by Campus_Name for Is_Epi_Linked.csv false true
etldata/2021-10-23T2200 Active Cases by Campus_Name.csv true false
etldata/2021-10-23T2200 Case Rate by Physical_CoS.csv false false
etldata/2021-10-24T2200 Active Cases by Campus_Name for Is_Epi_Linked.csv false true
etldata/2021-10-24T2200 Active Cases by Campus_Name.csv true false
etldata/2021-10-24T2200 Case Rate by Physical_CoS.csv false false
etldata/2021-10-25T2200 Active Cases by Campus_Name for Is_Epi_Linked.csv false true
etldata/2021-10-25T2200 Active Cases by Campus_Name.csv true false
etldata/2021-10-25T2200 Case Rate by Physical_CoS.csv false false
etldata/2021-10-26T2200 Active Cases by Campus_Name for Is_Epi_Linked.csv false true
etldata/2021-10-26T2200 Active Cases by Campus_Name.csv true false
etldata/2021-10-26T2200 Case Rate by Physical_CoS.csv false false
etldata/2021-10-27T2200 Active Cases by Campus_Name for Is_Epi_Linked.csv false true
etldata/2021-10-27T2200 Active Cases by Campus_Name.csv true false
etldata/2021-10-27T2200 Case Rate by Physical_CoS.csv false false
etldata/2021-10-28T2200 Active Cases by Campus_Name for Is_Epi_Linked.csv false true
etldata/2021-10-28T2200 Active Cases by Campus_Name.csv true false
etldata/2021-10-28T2200 Case Rate by Physical_CoS.csv false false
etldata/2021-10-29T2200 Active Cases by Campus_Name for Is_Epi_Linked.csv false true
etldata/2021-10-29T2200 Active Cases by Campus_Name.csv true false
etldata/2021-10-29T2200 Case Rate by Physical_CoS.csv false false
etldata/2021-10-30T2200 Active Cases by Campus_Name for Is_Epi_Linked.csv false true
etldata/2021-10-30T2200 Active Cases by Campus_Name.csv true false
etldata/2021-10-30T2200 Case Rate by Physical_CoS.csv false false
etldata/2021-10-31T2200 Active Cases by Campus_Name for Is_Epi_Linked.csv false true
etldata/2021-10-31T2200 Active Cases by Campus_Name.csv true false
etldata/2021-10-31T2200 Case Rate by Physical_CoS.csv false false
etldata/2021-11-01T2200 Active Cases by Campus_Name for Is_Epi_Linked.csv false true
etldata/2021-11-01T2200 Active Cases by Campus_Name.csv true false
etldata/2021-11-01T2200 Case Rate by Physical_CoS.csv false false
etldata/2021-11-02T2200 Active Cases by Campus_Name for Is_Epi_Linked.csv false true
etldata/2021-11-02T2200 Active Cases by Campus_Name.csv true false
etldata/2021-11-02T2200 Case Rate by Physical_CoS.csv false false
etldata/2021-11-03T2200 Active Cases by Campus_Name for Is_Epi_Linked.csv false true
etldata/2021-11-03T2200 Active Cases by Campus_Name.csv true false
etldata/2021-11-03T2200 Case Rate by Physical_CoS.csv false false
etldata/2021-11-04T2200 Active Cases by Campus_Name for Is_Epi_Linked.csv false true
etldata/2021-11-04T2200 Active Cases by Campus_Name.csv true false
etldata/2021-11-04T2200 Case Rate by Physical_CoS.csv false false
etldata/2021-11-05T2200 Active Cases by Campus_Name for Is_Epi_Linked.csv false true
etldata/2021-11-05T2200 Active Cases by Campus_Name.csv true false
etldata/2021-11-05T2200 Case Rate by Physical_CoS.csv false false
etldata/2021-11-06T2200 Active Cases by Campus_Name for Is_Epi_Linked.csv false true
etldata/2021-11-06T2200 Active Cases by Campus_Name.csv true false
etldata/2021-11-06T2200 Case Rate by Physical_CoS.csv false false
etldata/2021-11-07T2200 Active Cases by Campus_Name for Is_Epi_Linked.csv false true
etldata/2021-11-07T2200 Active Cases by Campus_Name.csv true false
etldata/2021-11-07T2200 Case Rate by Physical_CoS.csv false false
etldata/2021-11-08T2200 Active Cases by Campus_Name for Is_Epi_Linked.csv false true
etldata/2021-11-08T2200 Active Cases by Campus_Name.csv true false
etldata/2021-11-08T2200 Case Rate by Physical_CoS.csv false false
etldata/2021-11-09T2200 Active Cases by Campus_Name for Is_Epi_Linked.csv false true
etldata/2021-11-09T2200 Active Cases by Campus_Name.csv true false
etldata/2021-11-09T2200 Case Rate by Physical_CoS.csv false false
etldata/2021-11-10T2200 Active Cases by Campus_Name for Is_Epi_Linked.csv false true
etldata/2021-11-10T2200 Active Cases by Campus_Name.csv true false
etldata/2021-11-10T2200 Case Rate by Physical_CoS.csv false false
etldata/2021-11-11T2200 Active Cases by Campus_Name for Is_Epi_Linked.csv false true
etldata/2021-11-11T2200 Active Cases by Campus_Name.csv true false
etldata/2021-11-11T2200 Case Rate by Physical_CoS.csv false false
etldata/2021-11-12T2200 Active Cases by Campus_Name for Is_Epi_Linked.csv false true
etldata/2021-11-12T2200 Active Cases by Campus_Name.csv true false
etldata/2021-11-12T2200 Case Rate by Physical_CoS.csv false false
etldata/2021-11-13T2200 Active Cases by Campus_Name for Is_Epi_Linked.csv false true
etldata/2021-11-13T2200 Active Cases by Campus_Name.csv true false
etldata/2021-11-13T2200 Case Rate by Physical_CoS.csv false false
etldata/2021-11-14T2200 Active Cases by Campus_Name for Is_Epi_Linked.csv false true
etldata/2021-11-14T2200 Active Cases by Campus_Name.csv true false
etldata/2021-11-14T2200 Case Rate by Physical_CoS.csv false false
etldata/2021-11-15T2200 Active Cases by Campus_Name for Is_Epi_Linked.csv false true
etldata/2021-11-15T2200 Active Cases by Campus_Name.csv true false
etldata/2021-11-15T2200 Case Rate by Physical_CoS.csv false false
etldata/2021-11-16T2200 Active Cases by Campus_Name for Is_Epi_Linked.csv false true
etldata/2021-11-16T2200 Active Cases by Campus_Name.csv true false
etldata/2021-11-16T2200 Case Rate by Physical_CoS.csv false false
etldata/2021-11-17T2200 Active Cases by Campus_Name for Is_Epi_Linked.csv false true
etldata/2021-11-17T2200 Active Cases by Campus_Name.csv true false
etldata/2021-11-17T2200 Case Rate by Physical_CoS.csv false false
etldata/2021-11-18T2200 Active Cases by Campus_Name for Is_Epi_Linked.csv false true
etldata/2021-11-18T2200 Active Cases by Campus_Name.csv true false
etldata/2021-11-18T2200 Case Rate by Physical_CoS.csv false false
etldata/2021-11-19T2200 Active Cases by Campus_Name for Is_Epi_Linked.csv false true
etldata/2021-11-19T2200 Active Cases by Campus_Name.csv true false
etldata/2021-11-19T2200 Case Rate by Physical_CoS.csv false false
etldata/2021-11-20T2200 Active Cases by Campus_Name for Is_Epi_Linked.csv false true
etldata/2021-11-20T2200 Active Cases by Campus_Name.csv true false
etldata/2021-11-20T2200 Case Rate by Physical_CoS.csv false false
etldata/2021-11-21T2200 Active Cases by Campus_Name for Is_Epi_Linked.csv false true
etldata/2021-11-21T2200 Active Cases by Campus_Name.csv true false
etldata/2021-11-21T2200 Case Rate by Physical_CoS.csv false false
etldata/2021-11-22T2200 Active Cases by Campus_Name for Is_Epi_Linked.csv false true
etldata/2021-11-22T2200 Active Cases by Campus_Name.csv true false
etldata/2021-11-22T2200 Case Rate by Physical_CoS.csv false false
etldata/2021-11-23T2200 Active Cases by Campus_Name for Is_Epi_Linked.csv false true
etldata/2021-11-23T2200 Active Cases by Campus_Name.csv true false
etldata/2021-11-23T2200 Case Rate by Physical_CoS.csv false false
etldata/2021-11-24T2200 Active Cases by Campus_Name for Is_Epi_Linked.csv false true
etldata/2021-11-24T2200 Active Cases by Campus_Name.csv true false
etldata/2021-11-24T2200 Case Rate by Physical_CoS.csv false false
etldata/2021-11-25T2200 Active Cases by Campus_Name for Is_Epi_Linked.csv false true
etldata/2021-11-25T2200 Active Cases by Campus_Name.csv true false
etldata/2021-11-25T2200 Case Rate by Physical_CoS.csv false false
etldata/2021-11-26T2200 Active Cases by Campus_Name for Is_Epi_Linked.csv false true
etldata/2021-11-26T2200 Active Cases by Campus_Name.csv true false
etldata/2021-11-26T2200 Case Rate by Physical_CoS.csv false false
etldata/2021-11-27T2200 Active Cases by Campus_Name for Is_Epi_Linked.csv false true
etldata/2021-11-27T2200 Active Cases by Campus_Name.csv true false
etldata/2021-11-27T2200 Case Rate by Physical_CoS.csv false false
etldata/2021-11-28T2200 Active Cases by Campus_Name for Is_Epi_Linked.csv false true
etldata/2021-11-28T2200 Active Cases by Campus_Name.csv true false
etldata/2021-11-28T2200 Case Rate by Physical_CoS.csv false false
etldata/2021-11-29T2200 Active Cases by Campus_Name for Is_Epi_Linked.csv false true
etldata/2021-11-29T2200 Active Cases by Campus_Name.csv true false
etldata/2021-11-29T2200 Case Rate by Physical_CoS.csv false false
etldata/2021-11-30T2200 Active Cases by Campus_Name for Is_Epi_Linked.csv false true
etldata/2021-11-30T2200 Active Cases by Campus_Name.csv true false
etldata/2021-11-30T2200 Case Rate by Physical_CoS.csv false false
etldata/2021-12-01T2200 Active Cases by Campus_Name for Is_Epi_Linked.csv false true
etldata/2021-12-01T2200 Active Cases by Campus_Name.csv true false
etldata/2021-12-01T2200 Case Rate by Physical_CoS.csv false false
etldata/2021-12-02T2200 Active Cases by Campus_Name for Is_Epi_Linked.csv false true
etldata/2021-12-02T2200 Active Cases by Campus_Name.csv true false
etldata/2021-12-02T2200 Case Rate by Physical_CoS.csv false false
etldata/2021-12-03T2200 Active Cases by Campus_Name for Is_Epi_Linked.csv false true
etldata/2021-12-03T2200 Active Cases by Campus_Name.csv true false
etldata/2021-12-03T2200 Case Rate by Physical_CoS.csv false false
etldata/2021-12-04T2200 Active Cases by Campus_Name for Is_Epi_Linked.csv false true
etldata/2021-12-04T2200 Active Cases by Campus_Name.csv true false
etldata/2021-12-04T2200 Case Rate by Physical_CoS.csv false false
etldata/2021-12-05T2200 Active Cases by Campus_Name for Is_Epi_Linked.csv false true
etldata/2021-12-05T2200 Active Cases by Campus_Name.csv true false
etldata/2021-12-05T2200 Case Rate by Physical_CoS.csv false false
etldata/2021-12-06T2200 Active Cases by Campus_Name for Is_Epi_Linked.csv false true
etldata/2021-12-06T2200 Active Cases by Campus_Name.csv true false
etldata/2021-12-06T2200 Case Rate by Physical_CoS.csv false false
etldata/2021-12-07T2200 Active Cases by Campus_Name for Is_Epi_Linked.csv false true
etldata/2021-12-07T2200 Active Cases by Campus_Name.csv true false
etldata/2021-12-07T2200 Case Rate by Physical_CoS.csv false false
etldata/2021-12-08T2200 Active Cases by Campus_Name for Is_Epi_Linked.csv false true
etldata/2021-12-08T2200 Active Cases by Campus_Name.csv true false
etldata/2021-12-08T2200 Case Rate by Physical_CoS.csv false false
etldata/2021-12-09T2200 Active Cases by Campus_Name for Is_Epi_Linked.csv false true
etldata/2021-12-09T2200 Active Cases by Campus_Name.csv true false
etldata/2021-12-09T2200 Case Rate by Physical_CoS.csv false false
etldata/2021-12-10T2200 Active Cases by Campus_Name for Is_Epi_Linked.csv false true
etldata/2021-12-10T2200 Active Cases by Campus_Name.csv true false
etldata/2021-12-10T2200 Case Rate by Physical_CoS.csv false false
etldata/2021-12-11T2200 Active Cases by Campus_Name for Is_Epi_Linked.csv false true
etldata/2021-12-11T2200 Active Cases by Campus_Name.csv true false
etldata/2021-12-11T2200 Case Rate by Physical_CoS.csv false false
etldata/2021-12-12T2200 Active Cases by Campus_Name for Is_Epi_Linked.csv false true
etldata/2021-12-12T2200 Active Cases by Campus_Name.csv true false
etldata/2021-12-12T2200 Case Rate by Physical_CoS.csv false false
etldata/2021-12-13T2200 Active Cases by Campus_Name for Is_Epi_Linked.csv false true
etldata/2021-12-13T2200 Active Cases by Campus_Name.csv true false
etldata/2021-12-13T2200 Case Rate by Physical_CoS.csv false false
etldata/2021-12-14T2200 Active Cases by Campus_Name for Is_Epi_Linked.csv false true
etldata/2021-12-14T2200 Active Cases by Campus_Name.csv true false
etldata/2021-12-14T2200 Case Rate by Physical_CoS.csv false false
etldata/2021-12-15T2200 Active Cases by Campus_Name for Is_Epi_Linked.csv false true
etldata/2021-12-15T2200 Active Cases by Campus_Name.csv true false
etldata/2021-12-15T2200 Case Rate by Physical_CoS.csv false false
etldata/2021-12-16T2200 Active Cases by Campus_Name for Is_Epi_Linked.csv false true
etldata/2021-12-16T2200 Active Cases by Campus_Name.csv true false
etldata/2021-12-16T2200 Case Rate by Physical_CoS.csv false false
etldata/2021-12-17T2200 Active Cases by Campus_Name for Is_Epi_Linked.csv false true
etldata/2021-12-17T2200 Active Cases by Campus_Name.csv true false
etldata/2021-12-17T2200 Case Rate by Physical_CoS.csv false false
etldata/2021-12-18T2200 Active Cases by Campus_Name for Is_Epi_Linked.csv false true
etldata/2021-12-18T2200 Active Cases by Campus_Name.csv true false
etldata/2021-12-18T2200 Case Rate by Physical_CoS.csv false false
etldata/2021-12-19T2200 Active Cases by Campus_Name for Is_Epi_Linked.csv false true
etldata/2021-12-19T2200 Active Cases by Campus_Name.csv true false
etldata/2021-12-19T2200 Case Rate by Physical_CoS.csv false false
etldata/2021-12-20T2200 Active Cases by Campus_Name for Is_Epi_Linked.csv false true
etldata/2021-12-20T2200 Active Cases by Campus_Name.csv true false
etldata/2021-12-20T2200 Case Rate by Physical_CoS.csv false false
etldata/2021-12-21T2200 Active Cases by Campus_Name for Is_Epi_Linked.csv false true
etldata/2021-12-21T2200 Active Cases by Campus_Name.csv true false
etldata/2021-12-21T2200 Case Rate by Physical_CoS.csv false false
etldata/2021-12-22T2200 Active Cases by Campus_Name for Is_Epi_Linked.csv false true
etldata/2021-12-22T2200 Active Cases by Campus_Name.csv true false
etldata/2021-12-22T2200 Case Rate by Physical_CoS.csv false false
etldata/2021-12-23T2200 Active Cases by Campus_Name for Is_Epi_Linked.csv false true
etldata/2021-12-23T2200 Active Cases by Campus_Name.csv true false
etldata/2021-12-23T2200 Case Rate by Physical_CoS.csv false false
etldata/2021-12-24T2200 Active Cases by Campus_Name for Is_Epi_Linked.csv false true
etldata/2021-12-24T2200 Active Cases by Campus_Name.csv true false
etldata/2021-12-24T2200 Case Rate by Physical_CoS.csv false false
etldata/2021-12-25T2200 Active Cases by Campus_Name for Is_Epi_Linked.csv false true
etldata/2021-12-25T2200 Active Cases by Campus_Name.csv true false
etldata/2021-12-25T2200 Case Rate by Physical_CoS.csv false false
etldata/2021-12-26T2200 Active Cases by Campus_Name for Is_Epi_Linked.csv false true
etldata/2021-12-26T2200 Active Cases by Campus_Name.csv true false
etldata/2021-12-26T2200 Case Rate by Physical_CoS.csv false false
etldata/2021-12-27T2200 Active Cases by Campus_Name for Is_Epi_Linked.csv false true
etldata/2021-12-27T2200 Active Cases by Campus_Name.csv true false
etldata/2021-12-27T2200 Case Rate by Physical_CoS.csv false false
etldata/2021-12-28T2200 Active Cases by Campus_Name for Is_Epi_Linked.csv false true
etldata/2021-12-28T2200 Active Cases by Campus_Name.csv true false
etldata/2021-12-28T2200 Case Rate by Physical_CoS.csv false false
etldata/2021-12-29T2200 Active Cases by Campus_Name for Is_Epi_Linked.csv false true
etldata/2021-12-29T2200 Active Cases by Campus_Name.csv true false
etldata/2021-12-29T2200 Case Rate by Physical_CoS.csv false false
etldata/2021-12-30T2200 Active Cases by Campus_Name for Is_Epi_Linked.csv false true
etldata/2021-12-30T2200 Active Cases by Campus_Name.csv true false
etldata/2021-12-30T2200 Case Rate by Physical_CoS.csv false false
etldata/2021-12-31T2200 Active Cases by Campus_Name for Is_Epi_Linked.csv false true
etldata/2021-12-31T2200 Active Cases by Campus_Name.csv true false
etldata/2021-12-31T2200 Case Rate by Physical_CoS.csv false false
etldata/2022-01-01T2200 Active Cases by Campus_Name for Is_Epi_Linked.csv false true
etldata/2022-01-01T2200 Active Cases by Campus_Name.csv true false
etldata/2022-01-01T2200 Case Rate by Physical_CoS.csv false false
etldata/2022-01-02T2200 Active Cases by Campus_Name for Is_Epi_Linked.csv false true
etldata/2022-01-02T2200 Active Cases by Campus_Name.csv true false
etldata/2022-01-02T2200 Case Rate by Physical_CoS.csv false false
etldata/2022-01-03T2200 Active Cases by Campus_Name for Is_Epi_Linked.csv false true
etldata/2022-01-03T2200 Active Cases by Campus_Name.csv true false
etldata/2022-01-03T2200 Case Rate by Physical_CoS.csv false false
etldata/2022-01-04T2200 Active Cases by Campus_Name for Is_Epi_Linked.csv false true
etldata/2022-01-04T2200 Active Cases by Campus_Name.csv true false
etldata/2022-01-04T2200 Case Rate by Physical_CoS.csv false false
etldata/2022-01-05T2200 Active Cases by Campus_Name for Is_Epi_Linked.csv false true
etldata/2022-01-05T2200 Active Cases by Campus_Name.csv true false
etldata/2022-01-05T2200 Case Rate by Physical_CoS.csv false false
etldata/2022-01-06T2200 Active Cases by Campus_Name for Is_Epi_Linked.csv false true
etldata/2022-01-06T2200 Active Cases by Campus_Name.csv true false
etldata/2022-01-06T2200 Case Rate by Physical_CoS.csv false false
etldata/2022-01-07T2200 Active Cases by Campus_Name for Is_Epi_Linked.csv false true
etldata/2022-01-07T2200 Active Cases by Campus_Name.csv true false
etldata/2022-01-07T2200 Case Rate by Physical_CoS.csv false false
etldata/2022-01-08T2200 Active Cases by Campus_Name for Is_Epi_Linked.csv false true
etldata/2022-01-08T2200 Active Cases by Campus_Name.csv true false
etldata/2022-01-08T2200 Case Rate by Physical_CoS.csv false false
etldata/2022-01-09T2200 Active Cases by Campus_Name for Is_Epi_Linked.csv false true
etldata/2022-01-09T2200 Active Cases by Campus_Name.csv true false
etldata/2022-01-09T2200 Case Rate by Physical_CoS.csv false false
etldata/2022-01-10T2200 Active Cases by Campus_Name for Is_Epi_Linked.csv false true
etldata/2022-01-10T2200 Active Cases by Campus_Name.csv true false
etldata/2022-01-10T2200 Case Rate by Physical_CoS.csv false false
etldata/2022-01-11T2200 Active Cases by Campus_Name for Is_Epi_Linked.csv false true
etldata/2022-01-11T2200 Active Cases by Campus_Name.csv true false
etldata/2022-01-11T2200 Case Rate by Physical_CoS.csv false false
etldata/2022-01-12T2200 Active Cases by Campus_Name for Is_Epi_Linked.csv false true
etldata/2022-01-12T2200 Active Cases by Campus_Name.csv true false
etldata/2022-01-12T2200 Case Rate by Physical_CoS.csv false false
etldata/2022-01-13T2200 Active Cases by Campus_Name for Is_Epi_Linked.csv false true
etldata/2022-01-13T2200 Active Cases by Campus_Name.csv true false
etldata/2022-01-13T2200 Case Rate by Physical_CoS.csv false false
etldata/2022-01-14T2200 Active Cases by Campus_Name for Is_Epi_Linked.csv false true
etldata/2022-01-14T2200 Active Cases by Campus_Name.csv true false
etldata/2022-01-14T2200 Case Rate by Physical_CoS.csv false false
etldata/2022-01-15T2200 Active Cases by Campus_Name for Is_Epi_Linked.csv false true
etldata/2022-01-15T2200 Active Cases by Campus_Name.csv true false
etldata/2022-01-15T2200 Case Rate by Physical_CoS.csv false false
etldata/2022-01-16T2200 Active Cases by Campus_Name for Is_Epi_Linked.csv false true
etldata/2022-01-16T2200 Active Cases by Campus_Name.csv true false
etldata/2022-01-16T2200 Case Rate by Physical_CoS.csv false false
etldata/2022-01-17T2200 Active Cases by Campus_Name for Is_Epi_Linked.csv false true
etldata/2022-01-17T2200 Active Cases by Campus_Name.csv true false
etldata/2022-01-17T2200 Case Rate by Physical_CoS.csv false false
etldata/2022-01-18T2200 Active Cases by Campus_Name for Is_Epi_Linked.csv false true
etldata/2022-01-18T2200 Active Cases by Campus_Name.csv true false
etldata/2022-01-18T2200 Case Rate by Physical_CoS.csv false false
